<?xml version="1.0" encoding="UTF-8"?>
<!-- Generated by org.testng.reporters.JUnitReportReporter -->
<testsuite ignored="0" hostname="Reaj" failures="0" tests="1" name="test.Hometest" time="0.074" errors="0" timestamp="25 Apr 2023 21:56:43 GMT" skipped="0">
  <testcase classname="test.Hometest" name="hometestpp" time="0.074"/>
</testsuite> <!-- test.Hometest -->
